<?xml version="1.0" encoding="UTF-8"?>
<testsuite xmlns:xsi="http://www.w3.org/2001/XMLSchema-instance" xsi:noNamespaceSchemaLocation="https://maven.apache.org/surefire/maven-surefire-plugin/xsd/surefire-test-report.xsd" name="TestRunner.TestRunner" time="74.639" tests="8" errors="2" skipped="0" failures="0">
  <properties>
[...]
</properties>
  <testcase name="Login Success" classname="Login ToolsQA" time="10.187">
    <error message="Session ID is null. Using WebDriver after calling quit()?&#10;Build info: version: &apos;3.141.59&apos;, revision: &apos;e82be7d358&apos;, time: &apos;2018-11-14T08:17:03&apos;&#10;System info: host: &apos;Andreas-Aldito.local&apos;, ip: &apos;fe80:0:0:0:149d:8620:98ce:a7fd%en0&apos;, os.name: &apos;Mac OS X&apos;, os.arch: &apos;x86_64&apos;, os.version: &apos;10.16&apos;, java.version: &apos;11.0.2&apos;&#10;Driver info: driver.version: RemoteWebDriver" type="org.openqa.selenium.NoSuchSessionException">org.openqa.selenium.NoSuchSessionException: 
Session ID is null. Using WebDriver after calling quit()?
Build info: version: '3.141.59', revision: 'e82be7d358', time: '2018-11-14T08:17:03'
System info: host: 'Andreas-Aldito.local', ip: 'fe80:0:0:0:149d:8620:98ce:a7fd%en0', os.name: 'Mac OS X', os.arch: 'x86_64', os.version: '10.16', java.version: '11.0.2'
Driver info: driver.version: RemoteWebDriver
</error>
    <system-out><![CDATA[
Scenario: Login Success                            &amp#27;[90m# src/test/resources/Features/Login.feature:2&amp#27;[0m
current dir = /Users/jasmine/Downloads/automation-bdd-test
  &amp#27;[32mGiven &amp#27;[0m&amp#27;[32m: User Open Browser&amp#27;[0m                        &amp#27;[90m# StepDef.Login.userOpenWebsite()&amp#27;[0m
  &amp#27;[32mWhen &amp#27;[0m&amp#27;[32m: User Access Tools QA&amp#27;[0m                      &amp#27;[90m# StepDef.Login.userAccess()&amp#27;[0m
  &amp#27;[32mWhen &amp#27;[0m&amp#27;[32m: User Fill Form Login valid and registered&amp#27;[0m &amp#27;[90m# StepDef.Login.userFillFormLoginValidAndRegistered()&amp#27;[0m
  &amp#27;[32mAnd &amp#27;[0m&amp#27;[32m: User Click button Login&amp#27;[0m                    &amp#27;[90m# StepDef.Login.userClickButtonLogin()&amp#27;[0m
  &amp#27;[32mAnd &amp#27;[0m&amp#27;[32mUser logout&amp#27;[0m                                  &amp#27;[90m# StepDef.Login.userLogout()&amp#27;[0m
  &amp#27;[31mThen &amp#27;[0m&amp#27;[31m: Successfully Login&amp#27;[0m                        &amp#27;[90m# StepDef.Login.successfullyLogin()&amp#27;[0m
      &amp#27;[31morg.openqa.selenium.NoSuchSessionException: Session ID is null. Using WebDriver after calling quit()?
Build info: version: '3.141.59', revision: 'e82be7d358', time: '2018-11-14T08:17:03'
System info: host: 'Andreas-Aldito.local', ip: 'fe80:0:0:0:149d:8620:98ce:a7fd%en0', os.name: 'Mac OS X', os.arch: 'x86_64', os.version: '10.16', java.version: '11.0.2'
Driver info: driver.version: RemoteWebDriver
	at org.openqa.selenium.remote.HttpCommandExecutor.execute(HttpCommandExecutor.java:125)
	at org.openqa.selenium.remote.service.DriverCommandExecutor.execute(DriverCommandExecutor.java:83)
	at org.openqa.selenium.remote.RemoteWebDriver.execute(RemoteWebDriver.java:552)
	at org.openqa.selenium.remote.RemoteWebDriver.findElement(RemoteWebDriver.java:323)
	at org.openqa.selenium.remote.RemoteWebDriver.findElementByCssSelector(RemoteWebDriver.java:420)
	at org.openqa.selenium.By$ByCssSelector.findElement(By.java:431)
	at org.openqa.selenium.remote.RemoteWebDriver.findElement(RemoteWebDriver.java:315)
	at StepDef.Login.successfullyLogin(Login.java:41)
	at ✽.: Successfully Login(file:///Users/jasmine/Downloads/automation-bdd-test/src/test/resources/Features/Login.feature:8)
&amp#27;[0m
]]></system-out>
    <system-err><![CDATA[Starting ChromeDriver 105.0.5195.52 (412c95e518836d8a7d97250d62b29c2ae6a26a85-refs/branch-heads/5195@{#853}) on port 14961
Only local connections are allowed.
Please see https://chromedriver.chromium.org/security-considerations for suggestions on keeping ChromeDriver safe.
ChromeDriver was started successfully.
Sep 14, 2022 2:06:33 PM org.openqa.selenium.remote.ProtocolHandshake createSession
INFO: Detected dialect: W3C
]]></system-err>
  </testcase>
  <testcase name="Login Failed - Username null" classname="Login ToolsQA" time="0.042">
    <error message="The step &quot;User Open browser again&quot; is undefined. You can implement it using the snippet(s) below:&#10;&#10;@Given(&quot;User Open browser again&quot;)&#10;public void user_open_browser_again() {&#10;    // Write code here that turns the phrase above into concrete actions&#10;    throw new io.cucumber.java.PendingException();&#10;}&#10;&#10;&#10;Some other steps were also undefined:&#10;&#10;@When(&quot;User Access Tools QA&quot;)&#10;public void user_access_tools_qa() {&#10;    // Write code here that turns the phrase above into concrete actions&#10;    throw new io.cucumber.java.PendingException();&#10;}&#10;@When(&quot;User Fill form username null and password valid&quot;)&#10;public void user_fill_form_username_null_and_password_valid() {&#10;    // Write code here that turns the phrase above into concrete actions&#10;    throw new io.cucumber.java.PendingException();&#10;}&#10;@When(&quot;User Click button Login&quot;)&#10;public void user_click_button_login() {&#10;    // Write code here that turns the phrase above into concrete actions&#10;    throw new io.cucumber.java.PendingException();&#10;}&#10;@Then(&quot;Failed Login&quot;)&#10;public void failed_login() {&#10;    // Write code here that turns the phrase above into concrete actions&#10;    throw new io.cucumber.java.PendingException();&#10;}&#10;" type="io.cucumber.junit.UndefinedStepException">io.cucumber.junit.UndefinedStepException: 
The step "User Open browser again" is undefined. You can implement it using the snippet(s) below:

@Given("User Open browser again")
public void user_open_browser_again() {
    // Write code here that turns the phrase above into concrete actions
    throw new io.cucumber.java.PendingException();
}


Some other steps were also undefined:

@When("User Access Tools QA")
public void user_access_tools_qa() {
    // Write code here that turns the phrase above into concrete actions
    throw new io.cucumber.java.PendingException();
}
@When("User Fill form username null and password valid")
public void user_fill_form_username_null_and_password_valid() {
    // Write code here that turns the phrase above into concrete actions
    throw new io.cucumber.java.PendingException();
}
@When("User Click button Login")
public void user_click_button_login() {
    // Write code here that turns the phrase above into concrete actions
    throw new io.cucumber.java.PendingException();
}
@Then("Failed Login")
public void failed_login() {
    // Write code here that turns the phrase above into concrete actions
    throw new io.cucumber.java.PendingException();
}

</error>
    <system-out><![CDATA[
Scenario: Login Failed - Username null                &amp#27;[90m# src/test/resources/Features/Login.feature:10&amp#27;[0m
  &amp#27;[33mGiven &amp#27;[0m&amp#27;[33mUser Open browser again&amp#27;[0m                       &amp#27;[90m# null&amp#27;[0m
  &amp#27;[36mWhen &amp#27;[0m&amp#27;[36mUser Access Tools QA&amp#27;[0m                           &amp#27;[90m# null&amp#27;[0m
  &amp#27;[36mAnd &amp#27;[0m&amp#27;[36mUser Fill form username null and password valid&amp#27;[0m &amp#27;[90m# null&amp#27;[0m
  &amp#27;[36mAnd &amp#27;[0m&amp#27;[36mUser Click button Login&amp#27;[0m                         &amp#27;[90m# null&amp#27;[0m
  &amp#27;[36mThen &amp#27;[0m&amp#27;[36mFailed Login&amp#27;[0m                                   &amp#27;[90m# null&amp#27;[0m
]]></system-out>
  </testcase>
  <testcase name="Login success with data valid" classname="Orange HRM open source" time="23.523"/>
  <testcase name="Login Failed with username null" classname="Orange HRM open source" time="16.813"/>
  <testcase name="Login success on saucedemo" classname="Test" time="3.855"/>
  <testcase name="Login success on saucedemo using scenario outline" classname="Test" time="4.552"/>
  <testcase name="Login failed on saucedemo using scenario outline" classname="Test" time="2.972"/>
  <testcase name="feature search on google successfully data found" classname="Search Google" time="12.269"/>
</testsuite>